  [1m[35m (57.8ms)[0m  [1m[35mCREATE DATABASE `datos_estudiante_api_development` DEFAULT CHARACTER SET `utf8mb4`[0m
  [1m[35m (4.1ms)[0m  [1m[35mCREATE DATABASE `datos_estudiante_api_test` DEFAULT CHARACTER SET `utf8mb4`[0m
  [1m[35m (34.7ms)[0m  [1m[35mCREATE TABLE `schema_migrations` (`version` varchar(255) NOT NULL PRIMARY KEY)[0m
  [1m[35m (7.7ms)[0m  [1m[35mCREATE TABLE `ar_internal_metadata` (`key` varchar(255) NOT NULL PRIMARY KEY, `value` varchar(255), `created_at` datetime(6) NOT NULL, `updated_at` datetime(6) NOT NULL)[0m
  [1m[35m (1.0ms)[0m  [1m[34mSELECT GET_LOCK('6226475269376108460', 0)[0m
  [1m[36mActiveRecord::SchemaMigration Load (1.6ms)[0m  [1m[34mSELECT `schema_migrations`.`version` FROM `schema_migrations` ORDER BY `schema_migrations`.`version` ASC[0m
  [1m[36mActiveRecord::InternalMetadata Load (0.3ms)[0m  [1m[34mSELECT * FROM `ar_internal_metadata` WHERE `ar_internal_metadata`.`key` = 'environment' ORDER BY `ar_internal_metadata`.`key` ASC LIMIT 1[0m
  [1m[36mActiveRecord::InternalMetadata Create (2.1ms)[0m  [1m[32mINSERT INTO `ar_internal_metadata` (`key`, `value`, `created_at`, `updated_at`) VALUES ('environment', 'development', '2024-10-03 17:59:06.333755', '2024-10-03 17:59:06.333758') RETURNING `key`[0m
Migrating to CreateEstudiantes (20241003175833)
  [1m[35m (10.8ms)[0m  [1m[35mCREATE TABLE `estudiantes` (`id` bigint NOT NULL AUTO_INCREMENT PRIMARY KEY, `nombres` varchar(255), `apellidos` varchar(255), `carrera` varchar(255), `carnet` varchar(255), `created_at` datetime(6) NOT NULL, `updated_at` datetime(6) NOT NULL)[0m
  [1m[36mActiveRecord::SchemaMigration Create (0.8ms)[0m  [1m[32mINSERT INTO `schema_migrations` (`version`) VALUES ('20241003175833') RETURNING `version`[0m
  [1m[35m (0.5ms)[0m  [1m[34mSELECT RELEASE_LOCK('6226475269376108460')[0m
  [1m[36mActiveRecord::SchemaMigration Load (0.1ms)[0m  [1m[34mSELECT `schema_migrations`.`version` FROM `schema_migrations` ORDER BY `schema_migrations`.`version` ASC[0m
Started GET "/" for 127.0.0.1 at 2024-10-03 12:03:44 -0600
  [1m[36mActiveRecord::SchemaMigration Load (0.7ms)[0m  [1m[34mSELECT `schema_migrations`.`version` FROM `schema_migrations` ORDER BY `schema_migrations`.`version` ASC[0m
Processing by Rails::WelcomeController#index as HTML
  Rendering /root/.rbenv/versions/3.1.2/lib/ruby/gems/3.1.0/gems/railties-7.2.1/lib/rails/templates/rails/welcome/index.html.erb
  Rendered /root/.rbenv/versions/3.1.2/lib/ruby/gems/3.1.0/gems/railties-7.2.1/lib/rails/templates/rails/welcome/index.html.erb (Duration: 1.4ms | GC: 0.0ms)
Completed 200 OK in 116ms (Views: 27.5ms | ActiveRecord: 0.0ms (0 queries, 0 cached) | GC: 0.6ms)


Started POST "/estudiantes" for 127.0.0.1 at 2024-10-03 12:18:14 -0600
Processing by EstudiantesController#create as */*
  Parameters: {"estudiante"=>{"nombres"=>"Juan", "apellidos"=>"Pérez", "carrera"=>"Ingeniería", "carnet"=>"20240001"}}
  [1m[36mTRANSACTION (0.5ms)[0m  [1m[35mBEGIN[0m
  ↳ app/controllers/estudiantes_controller.rb:20:in `create'
  [1m[36mEstudiante Create (2.9ms)[0m  [1m[32mINSERT INTO `estudiantes` (`nombres`, `apellidos`, `carrera`, `carnet`, `created_at`, `updated_at`) VALUES ('Juan', 'Pérez', 'Ingeniería', '20240001', '2024-10-03 18:18:14.621147', '2024-10-03 18:18:14.621147') RETURNING `id`[0m
  ↳ app/controllers/estudiantes_controller.rb:20:in `create'
  [1m[36mTRANSACTION (1.8ms)[0m  [1m[35mCOMMIT[0m
  ↳ app/controllers/estudiantes_controller.rb:20:in `create'
Completed 201 Created in 20ms (Views: 0.9ms | ActiveRecord: 10.2ms (1 query, 0 cached) | GC: 0.1ms)


Started GET "/" for 127.0.0.1 at 2024-10-03 12:19:47 -0600
Processing by Rails::WelcomeController#index as HTML
  Rendering /root/.rbenv/versions/3.1.2/lib/ruby/gems/3.1.0/gems/railties-7.2.1/lib/rails/templates/rails/welcome/index.html.erb
  Rendered /root/.rbenv/versions/3.1.2/lib/ruby/gems/3.1.0/gems/railties-7.2.1/lib/rails/templates/rails/welcome/index.html.erb (Duration: 23.7ms | GC: 0.0ms)
Completed 200 OK in 26ms (Views: 24.7ms | ActiveRecord: 0.0ms (0 queries, 0 cached) | GC: 0.0ms)


Started GET "/" for 127.0.0.1 at 2024-10-03 12:19:48 -0600
Processing by Rails::WelcomeController#index as HTML
  Rendering /root/.rbenv/versions/3.1.2/lib/ruby/gems/3.1.0/gems/railties-7.2.1/lib/rails/templates/rails/welcome/index.html.erb
  Rendered /root/.rbenv/versions/3.1.2/lib/ruby/gems/3.1.0/gems/railties-7.2.1/lib/rails/templates/rails/welcome/index.html.erb (Duration: 0.1ms | GC: 0.0ms)
Completed 200 OK in 1ms (Views: 0.4ms | ActiveRecord: 0.0ms (0 queries, 0 cached) | GC: 0.0ms)


Started GET "/" for 127.0.0.1 at 2024-10-03 12:19:48 -0600
Processing by Rails::WelcomeController#index as HTML
  Rendering /root/.rbenv/versions/3.1.2/lib/ruby/gems/3.1.0/gems/railties-7.2.1/lib/rails/templates/rails/welcome/index.html.erb
  Rendered /root/.rbenv/versions/3.1.2/lib/ruby/gems/3.1.0/gems/railties-7.2.1/lib/rails/templates/rails/welcome/index.html.erb (Duration: 0.2ms | GC: 0.0ms)
Completed 200 OK in 1ms (Views: 1.2ms | ActiveRecord: 0.0ms (0 queries, 0 cached) | GC: 0.0ms)


Started GET "/" for 127.0.0.1 at 2024-10-03 12:19:48 -0600
Processing by Rails::WelcomeController#index as HTML
  Rendering /root/.rbenv/versions/3.1.2/lib/ruby/gems/3.1.0/gems/railties-7.2.1/lib/rails/templates/rails/welcome/index.html.erb
  Rendered /root/.rbenv/versions/3.1.2/lib/ruby/gems/3.1.0/gems/railties-7.2.1/lib/rails/templates/rails/welcome/index.html.erb (Duration: 0.1ms | GC: 0.0ms)
Completed 200 OK in 0ms (Views: 0.3ms | ActiveRecord: 0.0ms (0 queries, 0 cached) | GC: 0.0ms)


Started GET "/" for 127.0.0.1 at 2024-10-03 12:19:49 -0600
Processing by Rails::WelcomeController#index as HTML
  Rendering /root/.rbenv/versions/3.1.2/lib/ruby/gems/3.1.0/gems/railties-7.2.1/lib/rails/templates/rails/welcome/index.html.erb
  Rendered /root/.rbenv/versions/3.1.2/lib/ruby/gems/3.1.0/gems/railties-7.2.1/lib/rails/templates/rails/welcome/index.html.erb (Duration: 0.2ms | GC: 0.0ms)
Completed 200 OK in 1ms (Views: 0.4ms | ActiveRecord: 0.0ms (0 queries, 0 cached) | GC: 0.0ms)


Started GET "/" for 127.0.0.1 at 2024-10-03 12:19:49 -0600
Processing by Rails::WelcomeController#index as HTML
  Rendering /root/.rbenv/versions/3.1.2/lib/ruby/gems/3.1.0/gems/railties-7.2.1/lib/rails/templates/rails/welcome/index.html.erb
  Rendered /root/.rbenv/versions/3.1.2/lib/ruby/gems/3.1.0/gems/railties-7.2.1/lib/rails/templates/rails/welcome/index.html.erb (Duration: 0.2ms | GC: 0.0ms)
Completed 200 OK in 1ms (Views: 0.5ms | ActiveRecord: 0.0ms (0 queries, 0 cached) | GC: 0.0ms)


Started GET "/estudiantes/1" for 127.0.0.1 at 2024-10-03 12:20:11 -0600
Processing by EstudiantesController#show as */*
  Parameters: {"id"=>"1"}
  [1m[36mEstudiante Load (0.8ms)[0m  [1m[34mSELECT `estudiantes`.* FROM `estudiantes` WHERE `estudiantes`.`id` = 1 LIMIT 1[0m
  ↳ app/controllers/estudiantes_controller.rb:44:in `set_estudiante'
Completed 200 OK in 31ms (Views: 0.3ms | ActiveRecord: 0.8ms (1 query, 0 cached) | GC: 0.0ms)


Started POST "/estudiantes" for 127.0.0.1 at 2024-10-03 12:21:09 -0600
Processing by EstudiantesController#create as */*
  Parameters: {"estudiante"=>{"nombres"=>"Luis Adolfo", "apellidos"=>"Diaz Mendoza", "carrera"=>"Ingeniería Telematica", "carnet"=>"18-00602-0"}}
  [1m[36mTRANSACTION (0.4ms)[0m  [1m[35mBEGIN[0m
  ↳ app/controllers/estudiantes_controller.rb:20:in `create'
  [1m[36mEstudiante Create (1.6ms)[0m  [1m[32mINSERT INTO `estudiantes` (`nombres`, `apellidos`, `carrera`, `carnet`, `created_at`, `updated_at`) VALUES ('Luis Adolfo', 'Diaz Mendoza', 'Ingeniería Telematica', '18-00602-0', '2024-10-03 18:21:09.826317', '2024-10-03 18:21:09.826317') RETURNING `id`[0m
  ↳ app/controllers/estudiantes_controller.rb:20:in `create'
  [1m[36mTRANSACTION (2.1ms)[0m  [1m[35mCOMMIT[0m
  ↳ app/controllers/estudiantes_controller.rb:20:in `create'
Completed 201 Created in 6ms (Views: 0.3ms | ActiveRecord: 4.1ms (1 query, 0 cached) | GC: 0.0ms)


Started GET "/estudiantes" for 127.0.0.1 at 2024-10-03 12:21:29 -0600
Processing by EstudiantesController#index as */*
  [1m[36mEstudiante Load (0.2ms)[0m  [1m[34mSELECT `estudiantes`.* FROM `estudiantes`[0m
  ↳ app/controllers/estudiantes_controller.rb:8:in `index'
Completed 200 OK in 14ms (Views: 13.8ms | ActiveRecord: 0.2ms (1 query, 0 cached) | GC: 0.0ms)


Started PUT "/estudiantes/1" for 127.0.0.1 at 2024-10-03 12:22:08 -0600
Processing by EstudiantesController#update as */*
  Parameters: {"estudiante"=>{"nombres"=>"Carlos", "apellidos"=>"López", "carrera"=>"Arquitectura"}, "id"=>"1"}
  [1m[36mEstudiante Load (0.9ms)[0m  [1m[34mSELECT `estudiantes`.* FROM `estudiantes` WHERE `estudiantes`.`id` = 1 LIMIT 1[0m
  ↳ app/controllers/estudiantes_controller.rb:44:in `set_estudiante'
  [1m[36mTRANSACTION (0.3ms)[0m  [1m[35mBEGIN[0m
  ↳ app/controllers/estudiantes_controller.rb:29:in `update'
  [1m[36mEstudiante Update (6.2ms)[0m  [1m[33mUPDATE `estudiantes` SET `estudiantes`.`nombres` = 'Carlos', `estudiantes`.`apellidos` = 'López', `estudiantes`.`carrera` = 'Arquitectura', `estudiantes`.`updated_at` = '2024-10-03 18:22:08.315908' WHERE `estudiantes`.`id` = 1[0m
  ↳ app/controllers/estudiantes_controller.rb:29:in `update'
  [1m[36mTRANSACTION (1.6ms)[0m  [1m[35mCOMMIT[0m
  ↳ app/controllers/estudiantes_controller.rb:29:in `update'
Completed 200 OK in 13ms (Views: 0.2ms | ActiveRecord: 8.9ms (2 queries, 0 cached) | GC: 0.0ms)


Started GET "/estudiantes" for 127.0.0.1 at 2024-10-03 12:22:18 -0600
Processing by EstudiantesController#index as */*
  [1m[36mEstudiante Load (0.4ms)[0m  [1m[34mSELECT `estudiantes`.* FROM `estudiantes`[0m
  ↳ app/controllers/estudiantes_controller.rb:8:in `index'
Completed 200 OK in 2ms (Views: 1.2ms | ActiveRecord: 0.4ms (1 query, 0 cached) | GC: 0.0ms)


Started DELETE "/estudiantes/1" for 127.0.0.1 at 2024-10-03 12:23:15 -0600
Processing by EstudiantesController#destroy as */*
  Parameters: {"id"=>"1"}
  [1m[36mEstudiante Load (1.1ms)[0m  [1m[34mSELECT `estudiantes`.* FROM `estudiantes` WHERE `estudiantes`.`id` = 1 LIMIT 1[0m
  ↳ app/controllers/estudiantes_controller.rb:44:in `set_estudiante'
  [1m[36mTRANSACTION (18.7ms)[0m  [1m[35mBEGIN[0m
  ↳ app/controllers/estudiantes_controller.rb:38:in `destroy'
  [1m[36mEstudiante Destroy (6.4ms)[0m  [1m[31mDELETE FROM `estudiantes` WHERE `estudiantes`.`id` = 1[0m
  ↳ app/controllers/estudiantes_controller.rb:38:in `destroy'
  [1m[36mTRANSACTION (1.0ms)[0m  [1m[35mCOMMIT[0m
  ↳ app/controllers/estudiantes_controller.rb:38:in `destroy'
Completed 204 No Content in 34ms (ActiveRecord: 27.2ms (2 queries, 0 cached) | GC: 0.0ms)


Started GET "/estudiantes" for 127.0.0.1 at 2024-10-03 12:23:20 -0600
Processing by EstudiantesController#index as */*
  [1m[36mEstudiante Load (0.7ms)[0m  [1m[34mSELECT `estudiantes`.* FROM `estudiantes`[0m
  ↳ app/controllers/estudiantes_controller.rb:8:in `index'
Completed 200 OK in 2ms (Views: 1.3ms | ActiveRecord: 0.7ms (1 query, 0 cached) | GC: 0.0ms)


Started POST "/estudiantes" for 127.0.0.1 at 2024-10-03 12:50:47 -0600
Processing by EstudiantesController#create as */*
  Parameters: {"estudiante"=>{"nombres"=>"Juan", "apellidos"=>"Pérez", "carrera"=>"Ingeniería", "carnet"=>"12345678"}}
  [1m[36mTRANSACTION (0.3ms)[0m  [1m[35mBEGIN[0m
  ↳ app/controllers/estudiantes_controller.rb:20:in `create'
  [1m[36mEstudiante Exists? (1.4ms)[0m  [1m[34mSELECT 1 AS one FROM `estudiantes` WHERE `estudiantes`.`carnet` = '12345678' LIMIT 1[0m
  ↳ app/controllers/estudiantes_controller.rb:20:in `create'
  [1m[36mEstudiante Create (0.4ms)[0m  [1m[32mINSERT INTO `estudiantes` (`nombres`, `apellidos`, `carrera`, `carnet`, `created_at`, `updated_at`) VALUES ('Juan', 'Pérez', 'Ingeniería', '12345678', '2024-10-03 18:50:47.936305', '2024-10-03 18:50:47.936305') RETURNING `id`[0m
  ↳ app/controllers/estudiantes_controller.rb:20:in `create'
  [1m[36mTRANSACTION (1.2ms)[0m  [1m[35mCOMMIT[0m
  ↳ app/controllers/estudiantes_controller.rb:20:in `create'
Completed 201 Created in 11ms (Views: 0.4ms | ActiveRecord: 3.9ms (2 queries, 0 cached) | GC: 0.4ms)


Started POST "/estudiantes" for 127.0.0.1 at 2024-10-03 12:51:06 -0600
Processing by EstudiantesController#create as */*
  Parameters: {"estudiante"=>{"nombres"=>"Carlos", "apellidos"=>"López", "carrera"=>"Arquitectura", "carnet"=>"12345678"}}
  [1m[36mTRANSACTION (0.3ms)[0m  [1m[35mBEGIN[0m
  ↳ app/controllers/estudiantes_controller.rb:20:in `create'
  [1m[36mEstudiante Exists? (1.5ms)[0m  [1m[34mSELECT 1 AS one FROM `estudiantes` WHERE `estudiantes`.`carnet` = '12345678' LIMIT 1[0m
  ↳ app/controllers/estudiantes_controller.rb:20:in `create'
  [1m[36mTRANSACTION (0.3ms)[0m  [1m[31mROLLBACK[0m
  ↳ app/controllers/estudiantes_controller.rb:20:in `create'
Completed 422 Unprocessable Content in 4ms (Views: 0.5ms | ActiveRecord: 2.1ms (1 query, 0 cached) | GC: 0.1ms)


Started POST "/estudiantes" for 127.0.0.1 at 2024-10-03 12:53:22 -0600
Processing by EstudiantesController#create as */*
  Parameters: {"estudiante"=>{"nombres"=>"Luis Adolfo", "apellidos"=>"Diaz Mendoza", "carrera"=>"Ingeniería Telematica", "carnet"=>"18-00602-0"}}
  [1m[36mTRANSACTION (0.1ms)[0m  [1m[35mBEGIN[0m
  ↳ app/controllers/estudiantes_controller.rb:20:in `create'
  [1m[36mEstudiante Exists? (1.5ms)[0m  [1m[34mSELECT 1 AS one FROM `estudiantes` WHERE `estudiantes`.`carnet` = '18-00602-0' LIMIT 1[0m
  ↳ app/controllers/estudiantes_controller.rb:20:in `create'
  [1m[36mTRANSACTION (0.1ms)[0m  [1m[31mROLLBACK[0m
  ↳ app/controllers/estudiantes_controller.rb:20:in `create'
Completed 422 Unprocessable Content in 4ms (Views: 0.4ms | ActiveRecord: 1.7ms (1 query, 0 cached) | GC: 0.2ms)


Started POST "/estudiantes" for 127.0.0.1 at 2024-10-03 12:56:13 -0600
Processing by EstudiantesController#create as */*
  Parameters: {"estudiante"=>{"nombres"=>"Desbye Ahinoa", "apellidos"=>"Tercero", "carrera"=>"Ingeniería Telematica", "carnet"=>"21-00264-0"}}
  [1m[36mTRANSACTION (0.4ms)[0m  [1m[35mBEGIN[0m
  ↳ app/controllers/estudiantes_controller.rb:20:in `create'
  [1m[36mEstudiante Exists? (1.8ms)[0m  [1m[34mSELECT 1 AS one FROM `estudiantes` WHERE `estudiantes`.`carnet` = '21-00264-0' LIMIT 1[0m
  ↳ app/controllers/estudiantes_controller.rb:20:in `create'
  [1m[36mTRANSACTION (0.8ms)[0m  [1m[31mROLLBACK[0m
  ↳ app/controllers/estudiantes_controller.rb:20:in `create'
Completed 422 Unprocessable Content in 7ms (Views: 0.7ms | ActiveRecord: 3.0ms (1 query, 0 cached) | GC: 0.4ms)


Started POST "/estudiantes" for 127.0.0.1 at 2024-10-03 12:56:21 -0600
Processing by EstudiantesController#create as */*
  Parameters: {"estudiante"=>{"nombres"=>"Desbye Ahinoa", "apellidos"=>"Tercero", "carrera"=>"Ingeniería Telematica", "carnet"=>"21-00264-0"}}
  [1m[36mTRANSACTION (0.5ms)[0m  [1m[35mBEGIN[0m
  ↳ app/controllers/estudiantes_controller.rb:20:in `create'
  [1m[36mEstudiante Exists? (1.9ms)[0m  [1m[34mSELECT 1 AS one FROM `estudiantes` WHERE `estudiantes`.`carnet` = '21-00264-0' LIMIT 1[0m
  ↳ app/controllers/estudiantes_controller.rb:20:in `create'
  [1m[36mTRANSACTION (0.3ms)[0m  [1m[31mROLLBACK[0m
  ↳ app/controllers/estudiantes_controller.rb:20:in `create'
Completed 422 Unprocessable Content in 5ms (Views: 0.3ms | ActiveRecord: 2.6ms (1 query, 0 cached) | GC: 0.2ms)


Started POST "/estudiantes" for 127.0.0.1 at 2024-10-03 12:57:14 -0600
Processing by EstudiantesController#create as */*
  Parameters: {"estudiante"=>{"nombres"=>"Desbye Ahinoa", "apellidos"=>"Tercero", "carrera"=>"Ingeniería Telematica", "carnet"=>"21-00264-0"}}
  [1m[36mTRANSACTION (0.1ms)[0m  [1m[35mBEGIN[0m
  ↳ app/controllers/estudiantes_controller.rb:20:in `create'
  [1m[36mEstudiante Exists? (1.8ms)[0m  [1m[34mSELECT 1 AS one FROM `estudiantes` WHERE `estudiantes`.`carnet` = '21-00264-0' LIMIT 1[0m
  ↳ app/controllers/estudiantes_controller.rb:20:in `create'
  [1m[36mTRANSACTION (0.2ms)[0m  [1m[31mROLLBACK[0m
  ↳ app/controllers/estudiantes_controller.rb:20:in `create'
Completed 422 Unprocessable Content in 6ms (Views: 0.3ms | ActiveRecord: 2.2ms (1 query, 0 cached) | GC: 0.3ms)


Started POST "/estudiantes" for 127.0.0.1 at 2024-10-03 13:02:32 -0600
Processing by EstudiantesController#create as */*
  Parameters: {"estudiante"=>{"nombres"=>"Desbye Ahinoa", "apellidos"=>"Tercero", "carrera"=>"Ingeniería Telematica", "carnet"=>"21-00264-0"}}
  [1m[36mTRANSACTION (4.7ms)[0m  [1m[35mBEGIN[0m
  ↳ app/controllers/estudiantes_controller.rb:20:in `create'
  [1m[36mEstudiante Exists? (5.9ms)[0m  [1m[34mSELECT 1 AS one FROM `estudiantes` WHERE `estudiantes`.`carnet` = '21-00264-0' LIMIT 1[0m
  ↳ app/controllers/estudiantes_controller.rb:20:in `create'
  [1m[36mEstudiante Create (9.2ms)[0m  [1m[32mINSERT INTO `estudiantes` (`nombres`, `apellidos`, `carrera`, `carnet`, `created_at`, `updated_at`) VALUES ('Desbye Ahinoa', 'Tercero', 'Ingeniería Telematica', '21-00264-0', '2024-10-03 19:02:32.306784', '2024-10-03 19:02:32.306784') RETURNING `id`[0m
  ↳ app/controllers/estudiantes_controller.rb:20:in `create'
  [1m[36mTRANSACTION (1.5ms)[0m  [1m[35mCOMMIT[0m
  ↳ app/controllers/estudiantes_controller.rb:20:in `create'
Completed 201 Created in 26ms (Views: 0.5ms | ActiveRecord: 24.7ms (2 queries, 0 cached) | GC: 0.3ms)


Started GET "/estudiantes" for 127.0.0.1 at 2024-10-03 13:08:11 -0600
Processing by EstudiantesController#index as */*
  [1m[36mEstudiante Load (18.5ms)[0m  [1m[34mSELECT `estudiantes`.* FROM `estudiantes`[0m
  ↳ app/controllers/estudiantes_controller.rb:8:in `index'
Completed 200 OK in 20ms (Views: 1.0ms | ActiveRecord: 19.1ms (1 query, 0 cached) | GC: 0.1ms)


Started GET "/estudiantes/1" for 127.0.0.1 at 2024-10-03 13:08:45 -0600
Processing by EstudiantesController#show as */*
  Parameters: {"id"=>"1"}
  [1m[36mEstudiante Load (0.2ms)[0m  [1m[34mSELECT `estudiantes`.* FROM `estudiantes` WHERE `estudiantes`.`id` = 1 LIMIT 1[0m
  ↳ app/controllers/estudiantes_controller.rb:44:in `set_estudiante'
Completed 404 Not Found in 2ms (ActiveRecord: 0.2ms (1 query, 0 cached) | GC: 0.1ms)


  
ActiveRecord::RecordNotFound (Couldn't find Estudiante with 'id'=1):
  
app/controllers/estudiantes_controller.rb:44:in `set_estudiante'
Started GET "/estudiantes/2" for 127.0.0.1 at 2024-10-03 13:08:54 -0600
Processing by EstudiantesController#show as */*
  Parameters: {"id"=>"2"}
  [1m[36mEstudiante Load (0.7ms)[0m  [1m[34mSELECT `estudiantes`.* FROM `estudiantes` WHERE `estudiantes`.`id` = 2 LIMIT 1[0m
  ↳ app/controllers/estudiantes_controller.rb:44:in `set_estudiante'
Completed 200 OK in 2ms (Views: 0.2ms | ActiveRecord: 0.7ms (1 query, 0 cached) | GC: 0.3ms)


Started POST "/estudiantes" for 127.0.0.1 at 2024-10-03 13:09:40 -0600
Processing by EstudiantesController#create as */*
  Parameters: {"estudiante"=>{"nombres"=>"Juan", "apellidos"=>"Pérez", "carrera"=>"Ingeniería", "carnet"=>"20240001"}}
  [1m[36mTRANSACTION (0.6ms)[0m  [1m[35mBEGIN[0m
  ↳ app/controllers/estudiantes_controller.rb:20:in `create'
  [1m[36mEstudiante Exists? (2.2ms)[0m  [1m[34mSELECT 1 AS one FROM `estudiantes` WHERE `estudiantes`.`carnet` = '20240001' LIMIT 1[0m
  ↳ app/controllers/estudiantes_controller.rb:20:in `create'
  [1m[36mTRANSACTION (0.5ms)[0m  [1m[31mROLLBACK[0m
  ↳ app/controllers/estudiantes_controller.rb:20:in `create'
Completed 422 Unprocessable Content in 5ms (Views: 0.4ms | ActiveRecord: 3.2ms (1 query, 0 cached) | GC: 0.2ms)


Started POST "/estudiantes" for 127.0.0.1 at 2024-10-03 13:10:19 -0600
Processing by EstudiantesController#create as */*
  Parameters: {"estudiante"=>{"nombres"=>"Juan", "apellidos"=>"Pérez", "carrera"=>"Ingeniería", "carnet"=>"1234567890"}}
  [1m[36mTRANSACTION (0.1ms)[0m  [1m[35mBEGIN[0m
  ↳ app/controllers/estudiantes_controller.rb:20:in `create'
  [1m[36mEstudiante Exists? (1.4ms)[0m  [1m[34mSELECT 1 AS one FROM `estudiantes` WHERE `estudiantes`.`carnet` = '1234567890' LIMIT 1[0m
  ↳ app/controllers/estudiantes_controller.rb:20:in `create'
  [1m[36mEstudiante Create (0.4ms)[0m  [1m[32mINSERT INTO `estudiantes` (`nombres`, `apellidos`, `carrera`, `carnet`, `created_at`, `updated_at`) VALUES ('Juan', 'Pérez', 'Ingeniería', '1234567890', '2024-10-03 19:10:19.040098', '2024-10-03 19:10:19.040098') RETURNING `id`[0m
  ↳ app/controllers/estudiantes_controller.rb:20:in `create'
  [1m[36mTRANSACTION (2.6ms)[0m  [1m[35mCOMMIT[0m
  ↳ app/controllers/estudiantes_controller.rb:20:in `create'
Completed 201 Created in 8ms (Views: 0.3ms | ActiveRecord: 4.4ms (2 queries, 0 cached) | GC: 0.1ms)


Started POST "/estudiantes/1" for 127.0.0.1 at 2024-10-03 13:10:43 -0600
  
ActionController::RoutingError (No route matches [POST] "/estudiantes/1"):
  
Started PUT "/estudiantes/2" for 127.0.0.1 at 2024-10-03 13:11:36 -0600
Processing by EstudiantesController#update as */*
  Parameters: {"estudiante"=>{"nombres"=>"Luis Adolfo", "apellidos"=>"Diaz Mendoza", "carrera"=>"Arquitectura"}, "id"=>"2"}
  [1m[36mEstudiante Load (0.3ms)[0m  [1m[34mSELECT `estudiantes`.* FROM `estudiantes` WHERE `estudiantes`.`id` = 2 LIMIT 1[0m
  ↳ app/controllers/estudiantes_controller.rb:44:in `set_estudiante'
  [1m[36mTRANSACTION (0.1ms)[0m  [1m[35mBEGIN[0m
  ↳ app/controllers/estudiantes_controller.rb:29:in `update'
  [1m[36mEstudiante Exists? (0.2ms)[0m  [1m[34mSELECT 1 AS one FROM `estudiantes` WHERE `estudiantes`.`carnet` = '18-00602-0' AND `estudiantes`.`id` != 2 LIMIT 1[0m
  ↳ app/controllers/estudiantes_controller.rb:29:in `update'
  [1m[36mEstudiante Update (0.3ms)[0m  [1m[33mUPDATE `estudiantes` SET `estudiantes`.`carrera` = 'Arquitectura', `estudiantes`.`updated_at` = '2024-10-03 19:11:36.681084' WHERE `estudiantes`.`id` = 2[0m
  ↳ app/controllers/estudiantes_controller.rb:29:in `update'
  [1m[36mTRANSACTION (24.8ms)[0m  [1m[35mCOMMIT[0m
  ↳ app/controllers/estudiantes_controller.rb:29:in `update'
Completed 200 OK in 37ms (Views: 0.5ms | ActiveRecord: 26.9ms (3 queries, 0 cached) | GC: 3.7ms)


Started GET "/estudiantes" for ::1 at 2024-10-03 13:50:11 -0600
  [1m[36mActiveRecord::SchemaMigration Load (3.2ms)[0m  [1m[34mSELECT `schema_migrations`.`version` FROM `schema_migrations` ORDER BY `schema_migrations`.`version` ASC[0m
Processing by EstudiantesController#index as */*
  Parameters: {"estudiante"=>{"nombres"=>"Gema Mercedes", "apellidos"=>"Bravo Lanzas", "carrera"=>"Ingeniería Telematica", "carnet"=>"21-03968-0"}}
  [1m[36mEstudiante Load (51.3ms)[0m  [1m[34mSELECT `estudiantes`.* FROM `estudiantes`[0m
  ↳ app/controllers/estudiantes_controller.rb:8:in `index'
Completed 200 OK in 361ms (Views: -1.7ms | ActiveRecord: 146.4ms (1 query, 0 cached) | GC: 1.2ms)


Started POST "/estudiantes" for ::1 at 2024-10-03 13:51:38 -0600
Processing by EstudiantesController#create as */*
  Parameters: {"estudiante"=>{"nombres"=>"Gema Mercedes", "apellidos"=>"Bravo Lanzas", "carrera"=>"Ingeniería Telematica", "carnet"=>"21-03968-0"}}
  [1m[36mTRANSACTION (0.1ms)[0m  [1m[35mBEGIN[0m
  ↳ app/controllers/estudiantes_controller.rb:20:in `create'
  [1m[36mEstudiante Exists? (11.0ms)[0m  [1m[34mSELECT 1 AS one FROM `estudiantes` WHERE `estudiantes`.`carnet` = '21-03968-0' LIMIT 1[0m
  ↳ app/controllers/estudiantes_controller.rb:20:in `create'
  [1m[36mEstudiante Create (0.4ms)[0m  [1m[32mINSERT INTO `estudiantes` (`nombres`, `apellidos`, `carrera`, `carnet`, `created_at`, `updated_at`) VALUES ('Gema Mercedes', 'Bravo Lanzas', 'Ingeniería Telematica', '21-03968-0', '2024-10-03 19:51:39.065808', '2024-10-03 19:51:39.065808') RETURNING `id`[0m
  ↳ app/controllers/estudiantes_controller.rb:20:in `create'
  [1m[36mTRANSACTION (26.5ms)[0m  [1m[35mCOMMIT[0m
  ↳ app/controllers/estudiantes_controller.rb:20:in `create'
Completed 201 Created in 152ms (Views: 0.5ms | ActiveRecord: 47.2ms (2 queries, 0 cached) | GC: 9.7ms)


Started PATCH "/estudiantes" for ::1 at 2024-10-03 14:09:45 -0600
  [1m[36mActiveRecord::SchemaMigration Load (0.9ms)[0m  [1m[34mSELECT `schema_migrations`.`version` FROM `schema_migrations` ORDER BY `schema_migrations`.`version` ASC[0m
  
ActionController::RoutingError (No route matches [PATCH] "/estudiantes"):
  
Started PUT "/estudiantes" for ::1 at 2024-10-03 14:09:55 -0600
  
ActionController::RoutingError (No route matches [PUT] "/estudiantes"):
  
Started PATCH "/estudiantes" for ::1 at 2024-10-03 14:11:28 -0600
  
ActionController::RoutingError (No route matches [PATCH] "/estudiantes"):
  
Started PATCH "/estudiantes" for ::1 at 2024-10-03 14:18:37 -0600
  
ActionController::RoutingError (No route matches [PATCH] "/estudiantes"):
  
Started PATCH "/estudiantes" for ::1 at 2024-10-03 14:19:12 -0600
  
ActionController::RoutingError (No route matches [PATCH] "/estudiantes"):
  
Started PUT "/estudiantes" for ::1 at 2024-10-03 14:19:21 -0600
  
ActionController::RoutingError (No route matches [PUT] "/estudiantes"):
  
Started PUT "/estudiantes" for ::1 at 2024-10-03 14:21:29 -0600
  
ActionController::RoutingError (No route matches [PUT] "/estudiantes"):
  
Started PATCH "/estudiantes" for ::1 at 2024-10-03 14:21:42 -0600
  
ActionController::RoutingError (No route matches [PATCH] "/estudiantes"):
  
Started PATCH "/estudiantes/6" for ::1 at 2024-10-03 14:24:51 -0600
Processing by EstudiantesController#update as */*
  Parameters: {"estudiante"=>{"nombres"=>"Gema Mercedes", "apellidos"=>"Bravo Lanzas", "carrera"=>"Ingeniería Sistema", "carnet"=>"21-03968-0"}, "id"=>"6"}
  [1m[36mEstudiante Load (0.5ms)[0m  [1m[34mSELECT `estudiantes`.* FROM `estudiantes` WHERE `estudiantes`.`id` = 6 LIMIT 1[0m
  ↳ app/controllers/estudiantes_controller.rb:44:in `set_estudiante'
  [1m[36mTRANSACTION (0.4ms)[0m  [1m[35mBEGIN[0m
  ↳ app/controllers/estudiantes_controller.rb:29:in `update'
  [1m[36mEstudiante Exists? (0.8ms)[0m  [1m[34mSELECT 1 AS one FROM `estudiantes` WHERE `estudiantes`.`carnet` = '21-03968-0' AND `estudiantes`.`id` != 6 LIMIT 1[0m
  ↳ app/controllers/estudiantes_controller.rb:29:in `update'
  [1m[36mEstudiante Update (2.2ms)[0m  [1m[33mUPDATE `estudiantes` SET `estudiantes`.`carrera` = 'Ingeniería Sistema', `estudiantes`.`updated_at` = '2024-10-03 20:24:52.006908' WHERE `estudiantes`.`id` = 6[0m
  ↳ app/controllers/estudiantes_controller.rb:29:in `update'
  [1m[36mTRANSACTION (1.8ms)[0m  [1m[35mCOMMIT[0m
  ↳ app/controllers/estudiantes_controller.rb:29:in `update'
Completed 200 OK in 103ms (Views: 3.3ms | ActiveRecord: 19.7ms (3 queries, 0 cached) | GC: 24.0ms)


